2024-05-23 22:17:14.409 Uncaught app exception
Traceback (most recent call last):
  File "/Users/yanjunk/ballantyne-pyscripts/venv/lib/python3.12/site-packages/streamlit/runtime/scriptrunner/script_runner.py", line 600, in _run_script
    exec(code, module.__dict__)
  File "/Users/yanjunk/ballantyne-pyscripts/xirr/gui.py", line 14, in <module>
    res_data_frame, interim = main_func(cashflow, monthend, starting, return_interim=True)
                              ^^^^^^^^^^^^^^^^^^^^^^^^^^^^^^^^^^^^^^^^^^^^^^^^^^^^^^^^^^^^
  File "/Users/yanjunk/ballantyne-pyscripts/xirr/main.py", line 38, in main_func
    return main_func_pds(cashflows, month_end, starting, return_interim=return_interim)
           ^^^^^^^^^^^^^^^^^^^^^^^^^^^^^^^^^^^^^^^^^^^^^^^^^^^^^^^^^^^^^^^^^^^^^^^^^^^^
  File "/Users/yanjunk/ballantyne-pyscripts/xirr/main.py", line 185, in main_func_pds
    ret[account] = acc_dict
    ^^^
NameError: name 'ret' is not defined. Did you mean: 'set'?
2024-05-23 22:18:05.568 Uncaught app exception
Traceback (most recent call last):
  File "/Users/yanjunk/ballantyne-pyscripts/venv/lib/python3.12/site-packages/streamlit/runtime/scriptrunner/script_runner.py", line 600, in _run_script
    exec(code, module.__dict__)
  File "/Users/yanjunk/ballantyne-pyscripts/xirr/gui.py", line 14, in <module>
    res_data_frame, interim = main_func(cashflow, monthend, starting, return_interim=True)
                              ^^^^^^^^^^^^^^^^^^^^^^^^^^^^^^^^^^^^^^^^^^^^^^^^^^^^^^^^^^^^
  File "/Users/yanjunk/ballantyne-pyscripts/xirr/main.py", line 38, in main_func
    return main_func_pds(cashflows, month_end, starting, return_interim=return_interim)
           ^^^^^^^^^^^^^^^^^^^^^^^^^^^^^^^^^^^^^^^^^^^^^^^^^^^^^^^^^^^^^^^^^^^^^^^^^^^^
  File "/Users/yanjunk/ballantyne-pyscripts/xirr/main.py", line 188, in main_func_pds
    val_dict[account] = val
                        ^^^
NameError: name 'val' is not defined. Did you mean: 'vals'?
2024-05-23 22:19:09.359 Uncaught app exception
Traceback (most recent call last):
  File "/Users/yanjunk/ballantyne-pyscripts/venv/lib/python3.12/site-packages/streamlit/type_util.py", line 676, in convert_anything_to_df
    return pd.DataFrame(data)
           ^^^^^^^^^^^^^^^^^^
  File "/Users/yanjunk/ballantyne-pyscripts/venv/lib/python3.12/site-packages/pandas/core/frame.py", line 778, in __init__
    mgr = dict_to_mgr(data, index, columns, dtype=dtype, copy=copy, typ=manager)
          ^^^^^^^^^^^^^^^^^^^^^^^^^^^^^^^^^^^^^^^^^^^^^^^^^^^^^^^^^^^^^^^^^^^^^^
  File "/Users/yanjunk/ballantyne-pyscripts/venv/lib/python3.12/site-packages/pandas/core/internals/construction.py", line 503, in dict_to_mgr
    return arrays_to_mgr(arrays, columns, index, dtype=dtype, typ=typ, consolidate=copy)
           ^^^^^^^^^^^^^^^^^^^^^^^^^^^^^^^^^^^^^^^^^^^^^^^^^^^^^^^^^^^^^^^^^^^^^^^^^^^^^
  File "/Users/yanjunk/ballantyne-pyscripts/venv/lib/python3.12/site-packages/pandas/core/internals/construction.py", line 114, in arrays_to_mgr
    index = _extract_index(arrays)
            ^^^^^^^^^^^^^^^^^^^^^^
  File "/Users/yanjunk/ballantyne-pyscripts/venv/lib/python3.12/site-packages/pandas/core/internals/construction.py", line 667, in _extract_index
    raise ValueError("If using all scalar values, you must pass an index")
ValueError: If using all scalar values, you must pass an index

The above exception was the direct cause of the following exception:

Traceback (most recent call last):
  File "/Users/yanjunk/ballantyne-pyscripts/venv/lib/python3.12/site-packages/streamlit/runtime/scriptrunner/script_runner.py", line 600, in _run_script
    exec(code, module.__dict__)
  File "/Users/yanjunk/ballantyne-pyscripts/xirr/gui.py", line 18, in <module>
    tab.table(interim)
  File "/Users/yanjunk/ballantyne-pyscripts/venv/lib/python3.12/site-packages/streamlit/runtime/metrics_util.py", line 397, in wrapped_func
    result = non_optional_func(*args, **kwargs)
             ^^^^^^^^^^^^^^^^^^^^^^^^^^^^^^^^^^
  File "/Users/yanjunk/ballantyne-pyscripts/venv/lib/python3.12/site-packages/streamlit/elements/arrow.py", line 281, in table
    marshall(proto, data, default_uuid)
  File "/Users/yanjunk/ballantyne-pyscripts/venv/lib/python3.12/site-packages/streamlit/elements/arrow.py", line 374, in marshall
    df = type_util.convert_anything_to_df(data)
         ^^^^^^^^^^^^^^^^^^^^^^^^^^^^^^^^^^^^^^
  File "/Users/yanjunk/ballantyne-pyscripts/venv/lib/python3.12/site-packages/streamlit/type_util.py", line 683, in convert_anything_to_df
    raise errors.StreamlitAPIException(
streamlit.errors.StreamlitAPIException: 
Unable to convert object of type `<class 'dict'>` to `pandas.DataFrame`.
Offending object:
```py
{200500:                    Date      Value
0   2018-12-07 00:00:00  290320.79
1   2018-12-31 00:00:00 -272251.44
2   2018-12-31 00:00:00  272251.44
3   2019-03-31 00:00:00 -293517.57
4   2019-03-31 00:00:00  293517.57
5   2019-06-30 00:00:00 -298458.24
6   2019-06-30 00:00:00  298458.24
7   2019-07-16 00:00:00  183369.37
8   2019-09-30 00:00:00 -482183.29
9   2019-09-30 00:00:00  482183.29
10  2019-12-31 00:00:00 -506247.16
11  2019-12-31 00:00:00  506247.16
12  2020-03-31 00:00:00 -436555.35
13  2020-03-31 00:00:00  436555.35
14  2020-06-30 00:00:00 -507848.12
15  2020-06-30 00:00:00  507848.12
16  2020-09-30 00:00:00  -543785.4
17  2020-09-30 00:00:00   543785.4
18  2020-12-31 00:00:00 -596392.77
19  2020-12-31 00:00:00  596392.77
20  2021-03-31 00:00:00 -639716.88
21  2021-03-31 00:00:00  639716.88
22  2021-06-30 00:00:00 -690513.81
23  2021-06-30 00:00:00  690513.81
24  2021-09-30 00:00:00 -727283.51
25  2021-09-30 00:00:00  727283.51
26  2021-12-31 00:00:00 -783342.92
27  2021-12-31 00:00:00  783342.92
28  2022-03-31 00:00:00 -744973.96
29  2022-03-31 00:00:00  744973.96
30  2022-06-30 00:00:00 -631404.74
31  2022-06-30 00:00:00  631404.74
32  2022-09-30 00:00:00 -649886.34
33  2022-09-30 00:00:00  649886.34
34  2022-12-31 00:00:00 -676935.56
35  2022-12-31 00:00:00  676935.56
36  2023-03-31 00:00:00 -711043.05
37  2023-03-31 00:00:00  711043.05
38  2023-06-30 00:00:00 -734810.23
39  2023-06-30 00:00:00  734810.23
40  2023-09-30 00:00:00 -710312.63
41  2023-09-30 00:00:00  710312.63
42  2023-12-28 00:00:00   -10000.0
43  2023-12-31 00:00:00 -777933.37
44  2023-12-31 00:00:00  777933.37
45  2024-03-31 00:00:00 -851904.69, 200501:                    Date      Value
0   2018-12-07 00:00:00  398087.25
1   2018-12-31 00:00:00 -382192.87
2   2018-12-31 00:00:00  382192.87
3   2019-03-31 00:00:00 -418578.06
4   2019-03-31 00:00:00  418578.06
5   2019-06-30 00:00:00 -426552.62
6   2019-06-30 00:00:00  426552.62
7   2019-09-30 00:00:00 -438164.88
8   2019-09-30 00:00:00  438164.88
9   2019-12-31 00:00:00 -459611.58
10  2019-12-31 00:00:00  459611.58
11  2020-03-31 00:00:00 -396014.08
12  2020-03-31 00:00:00  396014.08
13  2020-06-30 00:00:00 -459868.83
14  2020-06-30 00:00:00  459868.83
15  2020-09-30 00:00:00 -492435.36
16  2020-09-30 00:00:00  492435.36
17  2020-12-31 00:00:00 -540035.74
18  2020-12-31 00:00:00  540035.74
19  2021-03-31 00:00:00 -578093.38
20  2021-03-31 00:00:00  578093.38
21  2021-06-30 00:00:00  -623439.9
22  2021-06-30 00:00:00   623439.9
23  2021-09-30 00:00:00 -655877.63
24  2021-09-30 00:00:00  655877.63
25  2021-12-31 00:00:00 -706077.21
26  2021-12-31 00:00:00  706077.21
27  2022-03-31 00:00:00 -670565.58
28  2022-03-31 00:00:00  670565.58
29  2022-06-30 00:00:00 -568668.38
30  2022-06-30 00:00:00  568668.38
31  2022-09-30 00:00:00 -586121.39
32  2022-09-30 00:00:00  586121.39
33  2022-12-31 00:00:00 -610981.04
34  2022-12-31 00:00:00  610981.04
35  2023-03-31 00:00:00 -640934.05
36  2023-03-31 00:00:00  640934.05
37  2023-06-30 00:00:00 -661606.11
38  2023-06-30 00:00:00  661606.11
39  2023-09-30 00:00:00 -638712.58
40  2023-09-30 00:00:00  638712.58
41  2023-12-31 00:00:00 -709011.71
42  2023-12-31 00:00:00  709011.71
43  2024-03-31 00:00:00 -776852.72, 200761:                     Date      Value
0    2018-12-31 00:00:00        0.0
1    2018-12-31 00:00:00       -0.0
2    2019-01-08 00:00:00   676516.8
3    2019-01-31 00:00:00    -1000.0
4    2019-02-28 00:00:00    -1000.0
..                   ...        ...
111  2023-12-31 00:00:00  717915.49
112  2024-01-31 00:00:00    -1000.0
113  2024-02-29 00:00:00    -1000.0
114  2024-03-28 00:00:00    -1000.0
115  2024-03-31 00:00:00 -782251.92

[116 rows x 2 columns], 200777:                     Date       Value
0    2018-12-20 00:00:00  2151233.77
1    2018-12-31 00:00:00 -2183529.38
2    2018-12-31 00:00:00  2183529.38
3    2019-02-05 00:00:00      608.86
4    2019-02-05 00:00:00     2395.68
..                   ...         ...
105  2024-02-15 00:00:00    -34000.0
106  2024-02-29 00:00:00     -8500.0
107  2024-03-25 00:00:00    -80000.0
108  2024-03-28 00:00:00     -8500.0
109  2024-03-31 00:00:00 -2435555.57

[110 rows x 2 columns], 200778:                    Date      Value
0   2018-12-20 00:00:00  135997.43
1   2018-12-31 00:00:00 -140183.35
2   2018-12-31 00:00:00  140183.35
3   2019-02-05 00:00:00     349.43
4   2019-03-31 00:00:00 -152147.85
5   2019-03-31 00:00:00  152147.85
6   2019-06-30 00:00:00 -155422.35
7   2019-06-30 00:00:00  155422.35
8   2019-09-30 00:00:00 -158502.06
9   2019-09-30 00:00:00  158502.06
10  2019-12-31 00:00:00 -165631.98
11  2019-12-31 00:00:00  165631.98
12  2020-03-31 00:00:00 -146496.67
13  2020-03-31 00:00:00  146496.67
14  2020-06-30 00:00:00 -169394.89
15  2020-06-30 00:00:00  169394.89
16  2020-09-30 00:00:00  -180934.3
17  2020-09-30 00:00:00   180934.3
18  2020-12-31 00:00:00 -195983.12
19  2020-12-31 00:00:00  195983.12
20  2021-02-08 00:00:00     2000.0
21  2021-03-31 00:00:00 -209879.43
22  2021-03-31 00:00:00  209879.43
23  2021-06-30 00:00:00 -225484.39
24  2021-06-30 00:00:00  225484.39
25  2021-09-30 00:00:00 -235645.83
26  2021-09-30 00:00:00  235645.83
27  2021-12-31 00:00:00 -252324.58
28  2021-12-31 00:00:00  252324.58
29  2022-03-31 00:00:00 -240798.72
30  2022-03-31 00:00:00  240798.72
31  2022-06-30 00:00:00 -204897.59
32  2022-06-30 00:00:00  204897.59
33  2022-09-30 00:00:00 -210958.86
34  2022-09-30 00:00:00  210958.86
35  2022-12-31 00:00:00 -218672.59
36  2022-12-31 00:00:00  218672.59
37  2023-03-31 00:00:00 -230113.42
38  2023-03-31 00:00:00  230113.42
39  2023-06-30 00:00:00 -238838.44
40  2023-06-30 00:00:00  238838.44
41  2023-09-30 00:00:00 -231726.45
42  2023-09-30 00:00:00  231726.45
43  2023-12-31 00:00:00 -257095.22
44  2023-12-31 00:00:00  257095.22
45  2024-03-31 00:00:00 -280487.88, 201621:                    Date       Value
0   2019-02-01 00:00:00  2060872.25
1   2019-03-06 00:00:00      1152.5
2   2019-03-31 00:00:00 -2148349.59
3   2019-03-31 00:00:00  2148349.59
4   2019-04-11 00:00:00     -4700.0
..                  ...         ...
60  2023-10-04 00:00:00    -10000.0
61  2023-12-31 00:00:00 -2553316.22
62  2023-12-31 00:00:00  2553316.22
63  2024-01-04 00:00:00    -22000.0
64  2024-03-31 00:00:00 -2638483.51

[65 rows x 2 columns], 202617:                    Date       Value
0   2018-12-20 00:00:00   785810.62
1   2019-02-05 00:00:00       189.6
2   2019-02-05 00:00:00      881.19
3   2019-03-14 00:00:00    -30000.0
4   2019-03-28 00:00:00     13842.5
5   2019-03-31 00:00:00  -853893.49
6   2019-03-31 00:00:00   853893.49
7   2019-06-30 00:00:00  -873380.06
8   2019-06-30 00:00:00   873380.06
9   2019-08-19 00:00:00    -56000.0
10  2019-09-30 00:00:00  -836508.08
11  2019-09-30 00:00:00   836508.08
12  2019-12-31 00:00:00  -871371.66
13  2019-12-31 00:00:00   871371.66
14  2020-03-31 00:00:00  -777652.67
15  2020-03-31 00:00:00   777652.67
16  2020-06-30 00:00:00  -885959.09
17  2020-06-30 00:00:00   885959.09
18  2020-09-30 00:00:00   -938410.8
19  2020-09-30 00:00:00    938410.8
20  2020-12-31 00:00:00 -1013930.67
21  2020-12-31 00:00:00  1013930.67
22  2021-02-25 00:00:00     -4000.0
23  2021-03-31 00:00:00 -1052371.43
24  2021-03-31 00:00:00  1052371.43
25  2021-06-30 00:00:00 -1123823.24
26  2021-06-30 00:00:00  1123823.24
27  2021-09-30 00:00:00 -1175494.44
28  2021-09-30 00:00:00  1175494.44
29  2021-12-31 00:00:00 -1252120.66
30  2021-12-31 00:00:00  1252120.66
31  2022-03-31 00:00:00 -1193795.52
32  2022-03-31 00:00:00  1193795.52
33  2022-06-30 00:00:00 -1033448.76
34  2022-06-30 00:00:00  1033448.76
35  2022-09-30 00:00:00 -1059062.98
36  2022-09-30 00:00:00  1059062.98
37  2022-12-31 00:00:00 -1095771.93
38  2022-12-31 00:00:00  1095771.93
39  2023-02-07 00:00:00     -8000.0
40  2023-03-31 00:00:00 -1138602.14
41  2023-03-31 00:00:00  1138602.14
42  2023-06-30 00:00:00 -1173326.79
43  2023-06-30 00:00:00  1173326.79
44  2023-08-29 00:00:00    -2755.83
45  2023-09-30 00:00:00 -1136062.62
46  2023-09-30 00:00:00  1136062.62
47  2023-12-31 00:00:00 -1250969.36
48  2023-12-31 00:00:00  1250969.36
49  2024-02-15 00:00:00    -12000.0
50  2024-03-31 00:00:00 -1339971.79, 202618:                    Date      Value
0   2019-03-31 00:00:00   -45500.2
1   2019-03-31 00:00:00    45500.2
2   2019-04-01 00:00:00   44252.81
3   2019-06-30 00:00:00  -46135.39
4   2019-06-30 00:00:00   46135.39
5   2019-07-09 00:00:00    10020.6
6   2019-08-19 00:00:00     6000.0
7   2019-09-30 00:00:00  -61344.21
8   2019-09-30 00:00:00   61344.21
9   2019-12-31 00:00:00  -64616.74
10  2019-12-31 00:00:00   64616.74
11  2020-03-31 00:00:00  -52232.63
12  2020-03-31 00:00:00   52232.63
13  2020-06-30 00:00:00  -60986.69
14  2020-06-30 00:00:00   60986.69
15  2020-09-30 00:00:00  -64331.26
16  2020-09-30 00:00:00   64331.26
17  2020-12-31 00:00:00  -70436.19
18  2020-12-31 00:00:00   70436.19
19  2021-02-25 00:00:00     4000.0
20  2021-03-31 00:00:00  -78812.79
21  2021-03-31 00:00:00   78812.79
22  2021-06-30 00:00:00  -83967.78
23  2021-06-30 00:00:00   83967.78
24  2021-09-30 00:00:00  -83983.53
25  2021-09-30 00:00:00   83983.53
26  2021-12-31 00:00:00  -88664.98
27  2021-12-31 00:00:00   88664.98
28  2022-03-31 00:00:00   -85955.4
29  2022-03-31 00:00:00    85955.4
30  2022-06-30 00:00:00  -74441.45
31  2022-06-30 00:00:00   74441.45
32  2022-09-30 00:00:00  -71506.27
33  2022-09-30 00:00:00   71506.27
34  2022-12-31 00:00:00  -75315.51
35  2022-12-31 00:00:00   75315.51
36  2023-02-07 00:00:00     8000.0
37  2023-03-31 00:00:00  -88287.29
38  2023-03-31 00:00:00   88287.29
39  2023-06-30 00:00:00  -92693.55
40  2023-06-30 00:00:00   92693.55
41  2023-09-30 00:00:00   -90028.5
42  2023-09-30 00:00:00    90028.5
43  2023-12-31 00:00:00  -96901.66
44  2023-12-31 00:00:00   96901.66
45  2024-02-15 00:00:00    12000.0
46  2024-03-31 00:00:00 -117997.99, 204546:                    Date       Value
0   2019-08-02 00:00:00   1427177.0
1   2019-09-17 00:00:00       319.4
2   2019-09-17 00:00:00      1244.0
3   2019-09-30 00:00:00 -1446447.51
4   2019-09-30 00:00:00  1446447.51
5   2019-12-31 00:00:00 -1492738.53
6   2019-12-31 00:00:00  1492738.53
7   2020-03-31 00:00:00 -1358576.01
8   2020-03-31 00:00:00  1358576.01
9   2020-06-30 00:00:00 -1522411.67
10  2020-06-30 00:00:00  1522411.67
11  2020-09-30 00:00:00 -1597744.96
12  2020-09-30 00:00:00  1597744.96
13  2020-12-31 00:00:00 -1705398.57
14  2020-12-31 00:00:00  1705398.57
15  2021-03-29 00:00:00    250000.0
16  2021-03-31 00:00:00  -2029749.2
17  2021-03-31 00:00:00   2029749.2
18  2021-06-30 00:00:00 -2134145.79
19  2021-06-30 00:00:00  2134145.79
20  2021-07-19 00:00:00    500000.0
21  2021-09-30 00:00:00 -2712557.61
22  2021-09-30 00:00:00  2712557.61
23  2021-12-31 00:00:00 -2849591.74
24  2021-12-31 00:00:00  2849591.74
25  2022-03-31 00:00:00 -2719500.75
26  2022-03-31 00:00:00  2719500.75
27  2022-06-30 00:00:00 -2408479.88
28  2022-06-30 00:00:00  2408479.88
29  2022-09-30 00:00:00 -2452239.33
30  2022-09-30 00:00:00  2452239.33
31  2022-12-31 00:00:00 -2529132.66
32  2022-12-31 00:00:00  2529132.66
33  2023-03-31 00:00:00 -2629571.71
34  2023-03-31 00:00:00  2629571.71
35  2023-06-30 00:00:00 -2675437.01
36  2023-06-30 00:00:00  2675437.01
37  2023-09-30 00:00:00 -2629376.13
38  2023-09-30 00:00:00  2629376.13
39  2023-10-24 00:00:00  -1280000.0
40  2023-12-31 00:00:00 -1472048.08
41  2023-12-31 00:00:00  1472048.08
42  2024-03-31 00:00:00 -1567025.89, 204548:                    Date      Value
0   2019-08-02 00:00:00   434132.0
1   2019-09-17 00:00:00     226.92
2   2019-09-30 00:00:00  -439173.7
3   2019-09-30 00:00:00   439173.7
4   2019-12-31 00:00:00  -453992.0
5   2019-12-31 00:00:00   453992.0
6   2020-03-31 00:00:00 -415692.63
7   2020-03-31 00:00:00  415692.63
8   2020-06-30 00:00:00 -463756.49
9   2020-06-30 00:00:00  463756.49
10  2020-09-30 00:00:00 -486882.01
11  2020-09-30 00:00:00  486882.01
12  2020-12-31 00:00:00 -519532.37
13  2020-12-31 00:00:00  519532.37
14  2021-03-31 00:00:00 -542451.12
15  2021-03-31 00:00:00  542451.12
16  2021-06-30 00:00:00 -573910.78
17  2021-06-30 00:00:00  573910.78
18  2021-09-30 00:00:00 -595391.35
19  2021-09-30 00:00:00  595391.35
20  2021-12-31 00:00:00 -625429.27
21  2021-12-31 00:00:00  625429.27
22  2022-03-31 00:00:00 -596847.37
23  2022-03-31 00:00:00  596847.37
24  2022-06-30 00:00:00 -527811.97
25  2022-06-30 00:00:00  527811.97
26  2022-09-30 00:00:00 -538806.48
27  2022-09-30 00:00:00  538806.48
28  2022-12-31 00:00:00 -554436.51
29  2022-12-31 00:00:00  554436.51
30  2023-03-31 00:00:00 -576211.75
31  2023-03-31 00:00:00  576211.75
32  2023-06-30 00:00:00 -588468.58
33  2023-06-30 00:00:00  588468.58
34  2023-09-30 00:00:00 -570942.51
35  2023-09-30 00:00:00  570942.51
36  2023-12-31 00:00:00 -625729.88
37  2023-12-31 00:00:00  625729.88
38  2024-03-31 00:00:00 -667497.07, 208289:                    Date      Value
0   2020-02-08 00:00:00   95976.38
1   2020-03-31 00:00:00  -81903.48
2   2020-03-31 00:00:00   81903.48
3   2020-06-30 00:00:00  -92830.02
4   2020-06-30 00:00:00   92830.02
5   2020-09-30 00:00:00  -98683.06
6   2020-09-30 00:00:00   98683.06
7   2020-12-31 00:00:00 -105974.76
8   2020-12-31 00:00:00  105974.76
9   2021-03-31 00:00:00 -110968.68
10  2021-03-31 00:00:00  110968.68
11  2021-06-30 00:00:00 -118080.83
12  2021-06-30 00:00:00  118080.83
13  2021-09-30 00:00:00 -123525.27
14  2021-09-30 00:00:00  123525.27
15  2021-12-31 00:00:00 -131321.48
16  2021-12-31 00:00:00  131321.48
17  2022-03-31 00:00:00 -125576.41
18  2022-03-31 00:00:00  125576.41
19  2022-04-05 00:00:00   415000.0
20  2022-06-30 00:00:00 -489046.52
21  2022-06-30 00:00:00  489046.52
22  2022-09-30 00:00:00 -497860.26
23  2022-09-30 00:00:00  497860.26
24  2022-12-31 00:00:00 -514038.14
25  2022-12-31 00:00:00  514038.14
26  2023-03-31 00:00:00 -534898.56
27  2023-03-31 00:00:00  534898.56
28  2023-06-30 00:00:00  -546899.6
29  2023-06-30 00:00:00   546899.6
30  2023-07-13 00:00:00    33000.0
31  2023-08-04 00:00:00   -33000.0
32  2023-09-30 00:00:00 -529542.63
33  2023-09-30 00:00:00  529542.63
34  2023-12-31 00:00:00  -582769.0
35  2023-12-31 00:00:00   582769.0
36  2024-03-31 00:00:00 -626044.81, 208290:                    Date       Value
0   2020-02-08 00:00:00  1458307.55
1   2020-02-28 00:00:00     -5000.0
2   2020-03-29 00:00:00     -5000.0
3   2020-03-31 00:00:00 -1264124.97
4   2020-03-31 00:00:00  1264124.97
..                  ...         ...
70  2023-09-30 00:00:00 -1557322.52
71  2023-09-30 00:00:00  1557322.52
72  2023-12-31 00:00:00 -1686741.49
73  2023-12-31 00:00:00  1686741.49
74  2024-03-31 00:00:00 -1765663.15

[75 rows x 2 columns], 210291:                    Date     Value
0   2020-06-30 00:00:00       0.0
1   2020-06-30 00:00:00      -0.0
2   2020-07-16 00:00:00  29909.77
3   2020-08-07 00:00:00 -29900.77
4   2020-08-17 00:00:00   30000.0
5   2020-09-30 00:00:00 -30279.19
6   2020-09-30 00:00:00  30279.19
7   2020-12-31 00:00:00 -33530.83
8   2020-12-31 00:00:00  33530.83
9   2021-03-31 00:00:00 -35640.53
10  2021-03-31 00:00:00  35640.53
11  2021-06-30 00:00:00 -38040.88
12  2021-06-30 00:00:00  38040.88
13  2021-09-30 00:00:00 -38200.83
14  2021-09-30 00:00:00  38200.83
15  2021-12-31 00:00:00 -40409.24
16  2021-12-31 00:00:00  40409.24
17  2022-03-31 00:00:00 -39326.38
18  2022-03-31 00:00:00  39326.38
19  2022-06-30 00:00:00  -34125.8
20  2022-06-30 00:00:00   34125.8
21  2022-09-30 00:00:00  -32859.3
22  2022-09-30 00:00:00   32859.3
23  2022-12-31 00:00:00 -34598.17
24  2022-12-31 00:00:00  34598.17
25  2023-03-31 00:00:00 -36899.86
26  2023-03-31 00:00:00  36899.86
27  2023-06-30 00:00:00 -38788.77
28  2023-06-30 00:00:00  38788.77
29  2023-09-30 00:00:00 -37679.77
30  2023-09-30 00:00:00  37679.77
31  2023-12-31 00:00:00 -40572.24
32  2023-12-31 00:00:00  40572.24
33  2024-03-31 00:00:00 -44350.55, 217031:                    Date       Value
0   2021-05-11 00:00:00   2605416.0
1   2021-06-30 00:00:00 -2698067.88
2   2021-06-30 00:00:00  2698067.88
3   2021-08-13 00:00:00   -69295.33
4   2021-08-30 00:00:00    -28158.0
..                  ...         ...
62  2023-12-31 00:00:00  2087963.99
63  2024-01-31 00:00:00     -8000.0
64  2024-02-29 00:00:00     -8000.0
65  2024-03-28 00:00:00     -8000.0
66  2024-03-31 00:00:00 -2170704.75

[67 rows x 2 columns], 217060:                    Date       Value
0   2021-05-04 00:00:00   2637250.0
1   2021-05-28 00:00:00     -5000.0
2   2021-06-01 00:00:00     -5000.0
3   2021-06-30 00:00:00 -2738138.09
4   2021-06-30 00:00:00  2738138.09
..                  ...         ...
61  2024-01-30 00:00:00     -5000.0
62  2024-02-29 00:00:00     -5000.0
63  2024-03-21 00:00:00    33906.07
64  2024-03-28 00:00:00     -5000.0
65  2024-03-31 00:00:00 -3019775.42

[66 rows x 2 columns], 217061:                    Date       Value
0   2021-05-04 00:00:00   3352193.0
1   2021-06-30 00:00:00 -3464313.28
2   2021-06-30 00:00:00  3464313.28
3   2021-09-30 00:00:00 -3598042.57
4   2021-09-30 00:00:00  3598042.57
5   2021-12-31 00:00:00 -3851898.27
6   2021-12-31 00:00:00  3851898.27
7   2022-03-31 00:00:00 -3723285.92
8   2022-03-31 00:00:00  3723285.92
9   2022-06-30 00:00:00 -3316118.69
10  2022-06-30 00:00:00  3316118.69
11  2022-09-30 00:00:00 -3392872.92
12  2022-09-30 00:00:00  3392872.92
13  2022-12-31 00:00:00 -3387194.87
14  2022-12-31 00:00:00  3387194.87
15  2023-03-17 00:00:00   -100000.0
16  2023-03-31 00:00:00 -3511335.73
17  2023-03-31 00:00:00  3511335.73
18  2023-06-30 00:00:00 -3641250.79
19  2023-06-30 00:00:00  3641250.79
20  2023-09-30 00:00:00  -3547095.6
21  2023-09-30 00:00:00   3547095.6
22  2023-12-31 00:00:00 -3856228.81
23  2023-12-31 00:00:00  3856228.81
24  2024-03-25 00:00:00   -200000.0
25  2024-03-31 00:00:00  -3851110.0, 217063:                    Date      Value
0   2021-05-04 00:00:00    81186.0
1   2021-06-30 00:00:00  -81335.22
2   2021-06-30 00:00:00   81335.22
3   2021-09-30 00:00:00  -81266.33
4   2021-09-30 00:00:00   81266.33
5   2021-12-31 00:00:00  -81013.23
6   2021-12-31 00:00:00   81013.23
7   2022-02-14 00:00:00     6000.0
8   2022-03-31 00:00:00  -86231.81
9   2022-03-31 00:00:00   86231.81
10  2022-06-30 00:00:00  -81384.28
11  2022-06-30 00:00:00   81384.28
12  2022-09-30 00:00:00  -80449.89
13  2022-09-30 00:00:00   80449.89
14  2022-12-31 00:00:00  -81897.79
15  2022-12-31 00:00:00   81897.79
16  2023-02-07 00:00:00    12500.0
17  2023-03-31 00:00:00  -96782.71
18  2023-03-31 00:00:00   96782.71
19  2023-06-30 00:00:00  -97421.14
20  2023-06-30 00:00:00   97421.14
21  2023-09-30 00:00:00  -95642.76
22  2023-09-30 00:00:00   95642.76
23  2023-12-31 00:00:00 -101365.93
24  2023-12-31 00:00:00  101365.93
25  2024-03-31 00:00:00 -103803.53, 217065:                    Date      Value
0   2021-05-04 00:00:00    80453.0
1   2021-06-30 00:00:00   -80445.4
2   2021-06-30 00:00:00    80445.4
3   2021-09-30 00:00:00   -80528.1
4   2021-09-30 00:00:00    80528.1
5   2021-12-31 00:00:00   -80122.2
6   2021-12-31 00:00:00    80122.2
7   2022-02-14 00:00:00     6000.0
8   2022-03-31 00:00:00  -85476.31
9   2022-03-31 00:00:00   85476.31
10  2022-06-30 00:00:00  -80460.83
11  2022-06-30 00:00:00   80460.83
12  2022-09-30 00:00:00   -79487.7
13  2022-09-30 00:00:00    79487.7
14  2022-12-31 00:00:00  -80691.11
15  2022-12-31 00:00:00   80691.11
16  2023-02-07 00:00:00    13500.0
17  2023-03-31 00:00:00  -96836.16
18  2023-03-31 00:00:00   96836.16
19  2023-06-30 00:00:00   -97486.1
20  2023-06-30 00:00:00    97486.1
21  2023-09-30 00:00:00  -95616.86
22  2023-09-30 00:00:00   95616.86
23  2023-12-31 00:00:00 -101478.84
24  2023-12-31 00:00:00  101478.84
25  2024-03-31 00:00:00 -104024.85, 217267:                    Date      Value
0   2021-05-11 00:00:00   101125.0
1   2021-06-30 00:00:00 -102446.05
2   2021-06-30 00:00:00  102446.05
3   2021-09-30 00:00:00 -101517.35
4   2021-09-30 00:00:00  101517.35
5   2021-12-31 00:00:00 -105131.63
6   2021-12-31 00:00:00  105131.63
7   2022-03-31 00:00:00 -108016.88
8   2022-03-31 00:00:00  108016.88
9   2022-06-30 00:00:00   -96018.9
10  2022-06-30 00:00:00    96018.9
11  2022-09-30 00:00:00  -94217.33
12  2022-09-30 00:00:00   94217.33
13  2022-12-31 00:00:00  -97424.79
14  2022-12-31 00:00:00   97424.79
15  2023-03-31 00:00:00 -100238.43
16  2023-03-31 00:00:00  100238.43
17  2023-06-30 00:00:00 -100139.85
18  2023-06-30 00:00:00  100139.85
19  2023-09-30 00:00:00  -97695.73
20  2023-09-30 00:00:00   97695.73
21  2023-10-18 00:00:00   -97224.0
22  2023-12-31 00:00:00    -271.42
23  2023-12-31 00:00:00     271.42
24  2024-03-31 00:00:00    -255.66, 228557:                   Date      Value
0  2021-04-04 00:00:00   137648.0
1  2023-06-30 00:00:00 -151782.81
2  2023-06-30 00:00:00  151782.81
3  2023-09-30 00:00:00 -148656.69
4  2023-09-30 00:00:00  148656.69
5  2023-12-31 00:00:00 -162206.52
6  2023-12-31 00:00:00  162206.52
7  2024-03-31 00:00:00 -174737.04, 229303:                   Date     Value
0  2023-06-30 00:00:00       0.0
1  2023-06-30 00:00:00      -0.0
2  2023-07-26 00:00:00  70239.83
3  2023-09-30 00:00:00 -68897.71
4  2023-09-30 00:00:00  68897.71
5  2023-12-31 00:00:00 -73721.55
6  2023-12-31 00:00:00  73721.55
7  2024-03-31 00:00:00 -77985.53, 230034:                   Date     Value
0  2023-08-04 00:00:00   33000.0
1  2023-08-16 00:00:00    626.96
2  2023-09-30 00:00:00 -32745.24
3  2023-09-30 00:00:00  32745.24
4  2023-12-31 00:00:00 -35504.13
5  2023-12-31 00:00:00  35504.13
6  2024-01-18 00:00:00   30000.0
7  2024-03-31 00:00:00 -67949.72, 233337:                   Date     Value
0  2024-03-27 00:00:00  51303.28
1  2024-03-31 00:00:00  -51328.6}
```
2024-05-23 22:20:40.318 Uncaught app exception
Traceback (most recent call last):
  File "/Users/yanjunk/ballantyne-pyscripts/venv/lib/python3.12/site-packages/streamlit/runtime/scriptrunner/script_runner.py", line 600, in _run_script
    exec(code, module.__dict__)
  File "/Users/yanjunk/ballantyne-pyscripts/xirr/gui.py", line 18, in <module>
    for account, df in interim:
        ^^^^^^^^^^^
TypeError: cannot unpack non-iterable int object
2024-05-23 22:21:18.918 Uncaught app exception
Traceback (most recent call last):
  File "/Users/yanjunk/ballantyne-pyscripts/venv/lib/python3.12/site-packages/streamlit/type_util.py", line 676, in convert_anything_to_df
    return pd.DataFrame(data)
           ^^^^^^^^^^^^^^^^^^
  File "/Users/yanjunk/ballantyne-pyscripts/venv/lib/python3.12/site-packages/pandas/core/frame.py", line 886, in __init__
    raise ValueError("DataFrame constructor not properly called!")
ValueError: DataFrame constructor not properly called!

The above exception was the direct cause of the following exception:

Traceback (most recent call last):
  File "/Users/yanjunk/ballantyne-pyscripts/venv/lib/python3.12/site-packages/streamlit/runtime/scriptrunner/script_runner.py", line 600, in _run_script
    exec(code, module.__dict__)
  File "/Users/yanjunk/ballantyne-pyscripts/xirr/gui.py", line 20, in <module>
    tab.table(df)
  File "/Users/yanjunk/ballantyne-pyscripts/venv/lib/python3.12/site-packages/streamlit/runtime/metrics_util.py", line 397, in wrapped_func
    result = non_optional_func(*args, **kwargs)
             ^^^^^^^^^^^^^^^^^^^^^^^^^^^^^^^^^^
  File "/Users/yanjunk/ballantyne-pyscripts/venv/lib/python3.12/site-packages/streamlit/elements/arrow.py", line 281, in table
    marshall(proto, data, default_uuid)
  File "/Users/yanjunk/ballantyne-pyscripts/venv/lib/python3.12/site-packages/streamlit/elements/arrow.py", line 374, in marshall
    df = type_util.convert_anything_to_df(data)
         ^^^^^^^^^^^^^^^^^^^^^^^^^^^^^^^^^^^^^^
  File "/Users/yanjunk/ballantyne-pyscripts/venv/lib/python3.12/site-packages/streamlit/type_util.py", line 683, in convert_anything_to_df
    raise errors.StreamlitAPIException(
streamlit.errors.StreamlitAPIException: 
Unable to convert object of type `<class 'str'>` to `pandas.DataFrame`.
Offending object:
```py
Value
```
